

***********************************************************************
Fatal OSN connect error 12154, connecting to:
 newprojad

  VERSION INFORMATION:
	TNS for 32-bit Windows: Version 2.3.2.1.0 - Production
  Time: 19-SEP-99 04:16:25
  Tracing not turned on.


***********************************************************************
Fatal OSN connect error 12154, connecting to:
 newprojad

  VERSION INFORMATION:
	TNS for 32-bit Windows: Version 2.3.2.1.0 - Production
  Time: 19-SEP-99 04:16:25
  Tracing not turned on.


***********************************************************************
Fatal OSN connect error 12154, connecting to:
 newprojad

  VERSION INFORMATION:
	TNS for 32-bit Windows: Version 2.3.2.1.0 - Production
  Time: 19-SEP-99 04:17:22
  Tracing not turned on.


***********************************************************************
Fatal OSN connect error 12154, connecting to:
 newprojad

  VERSION INFORMATION:
	TNS for 32-bit Windows: Version 2.3.2.1.0 - Production
  Time: 19-SEP-99 04:17:22
  Tracing not turned on.
